2023-10-24 14:16:32,820 [INFO] Activator:176 - 


2023-10-24 14:16:32,831 [INFO] Activator:177 - !SESSION log4j initialized
2023-10-24 14:16:41,007 [INFO] LogOutputStream:77 - [STDOUT_REDIRECT] 
2023-10-24 14:16:47,420 [INFO] ApplicationProperties:184 - Using Application install path: C:\ST\STM32CubeIDE_1.13.1\STM32CubeIDE\plugins\com.st.stm32cube.common.mx_6.9.1.202307191849
2023-10-24 14:16:47,453 [INFO] DbMcusXml:78 - Set database path to: C:\ST\STM32CubeIDE_1.13.1\STM32CubeIDE\plugins\com.st.stm32cube.common.mx_6.9.1.202307191849\\db\/mcu/
2023-10-24 14:16:47,454 [INFO] ApiDb:274 - Set plugin database path to: C:\ST\STM32CubeIDE_1.13.1\STM32CubeIDE\plugins\com.st.stm32cube.common.mx_6.9.1.202307191849\\db\/plugins/boardmanager/
2023-10-24 14:16:47,455 [WARN] ApiDb:259 - Overriding images path with different value:  => C:\ST\STM32CubeIDE_1.13.1\STM32CubeIDE\plugins\com.st.stm32cube.common.mx_6.9.1.202307191849\\db\/plugins/mcufinder/images/
2023-10-24 14:16:47,481 [INFO] ApiDb:250 - Set database path to: C:\Users\AryaPranjal\.stmcufinder\plugins\mcufinder//mcu/
2023-10-24 14:16:47,483 [INFO] DbMcusAds:125 - Set database path to: C:\Users\AryaPranjal\.stmcufinder\plugins\mcufinder//mcu/
2023-10-24 14:16:47,489 [INFO] CrossReferenceDbSqlite:203 - Set database path to: C:\Users\AryaPranjal\.stmcufinder\plugins\mcufinder//mcu/cs/
2023-10-24 14:16:47,689 [INFO] RulesReader:64 - Compatibility file has been processed (293 Rules)
2023-10-24 14:16:47,855 [INFO] DbMcusXml:78 - Set database path to: C:\ST\STM32CubeIDE_1.13.1\STM32CubeIDE\plugins\com.st.stm32cube.common.mx_6.9.1.202307191849\\db\/mcu/
2023-10-24 14:16:47,855 [INFO] ApiDb:274 - Set plugin database path to: C:\ST\STM32CubeIDE_1.13.1\STM32CubeIDE\plugins\com.st.stm32cube.common.mx_6.9.1.202307191849\\db\/plugins/boardmanager/
2023-10-24 14:16:47,856 [INFO] ApiDb:261 - Set plugin images path to: C:\ST\STM32CubeIDE_1.13.1\STM32CubeIDE\plugins\com.st.stm32cube.common.mx_6.9.1.202307191849\\db\/plugins/mcufinder/images/
2023-10-24 14:16:47,856 [WARN] DbFile:41 - Overriding database path with different value: C:\Users\AryaPranjal\.stmcufinder\plugins\mcufinder/ => C:\Users\AryaPranjal\.stmcufinder\plugins\mcufinder
2023-10-24 14:16:47,856 [INFO] ApiDb:250 - Set database path to: C:\Users\AryaPranjal\.stmcufinder\plugins\mcufinder//mcu/
2023-10-24 14:16:47,857 [WARN] DbFile:41 - Overriding database path with different value: C:\Users\AryaPranjal\.stmcufinder\plugins\mcufinder/ => C:\Users\AryaPranjal\.stmcufinder\plugins\mcufinder
2023-10-24 14:16:47,857 [INFO] DbMcusAds:125 - Set database path to: C:\Users\AryaPranjal\.stmcufinder\plugins\mcufinder//mcu/
2023-10-24 14:16:47,857 [WARN] DbFile:41 - Overriding database path with different value: C:\Users\AryaPranjal\.stmcufinder\plugins\mcufinder/ => C:\Users\AryaPranjal\.stmcufinder\plugins\mcufinder
2023-10-24 14:16:47,857 [WARN] DbFile:41 - Overriding database path with different value: C:\Users\AryaPranjal\.stmcufinder\plugins\mcufinder/ => C:\Users\AryaPranjal\.stmcufinder\plugins\mcufinder
2023-10-24 14:16:47,858 [INFO] CrossReferenceDbSqlite:203 - Set database path to: C:\Users\AryaPranjal\.stmcufinder\plugins\mcufinder//mcu/cs/
2023-10-24 14:16:48,015 [INFO] MainPanel:262 - HeapMemory: 268435456
2023-10-24 14:16:48,166 [INFO] DbMcusXml:78 - Set database path to: C:\ST\STM32CubeIDE_1.13.1\STM32CubeIDE\plugins\com.st.stm32cube.common.mx_6.9.1.202307191849\\db\/mcu/
2023-10-24 14:16:48,166 [INFO] ApiDb:274 - Set plugin database path to: C:\ST\STM32CubeIDE_1.13.1\STM32CubeIDE\plugins\com.st.stm32cube.common.mx_6.9.1.202307191849\\db\/plugins/boardmanager/
2023-10-24 14:16:48,166 [INFO] ApiDb:261 - Set plugin images path to: C:\ST\STM32CubeIDE_1.13.1\STM32CubeIDE\plugins\com.st.stm32cube.common.mx_6.9.1.202307191849\\db\/plugins/mcufinder/images/
2023-10-24 14:16:48,167 [WARN] DbFile:41 - Overriding database path with different value: C:\Users\AryaPranjal\.stmcufinder\plugins\mcufinder/ => C:\Users\AryaPranjal\.stmcufinder\plugins\mcufinder
2023-10-24 14:16:48,168 [INFO] ApiDb:250 - Set database path to: C:\Users\AryaPranjal\.stmcufinder\plugins\mcufinder//mcu/
2023-10-24 14:16:48,168 [WARN] DbFile:41 - Overriding database path with different value: C:\Users\AryaPranjal\.stmcufinder\plugins\mcufinder/ => C:\Users\AryaPranjal\.stmcufinder\plugins\mcufinder
2023-10-24 14:16:48,168 [INFO] DbMcusAds:125 - Set database path to: C:\Users\AryaPranjal\.stmcufinder\plugins\mcufinder//mcu/
2023-10-24 14:16:48,168 [WARN] DbFile:41 - Overriding database path with different value: C:\Users\AryaPranjal\.stmcufinder\plugins\mcufinder/ => C:\Users\AryaPranjal\.stmcufinder\plugins\mcufinder
2023-10-24 14:16:48,169 [WARN] DbFile:41 - Overriding database path with different value: C:\Users\AryaPranjal\.stmcufinder\plugins\mcufinder/ => C:\Users\AryaPranjal\.stmcufinder\plugins\mcufinder
2023-10-24 14:16:48,169 [INFO] CrossReferenceDbSqlite:203 - Set database path to: C:\Users\AryaPranjal\.stmcufinder\plugins\mcufinder//mcu/cs/
2023-10-24 14:16:48,205 [INFO] ApplicationProperties:184 - Using Application install path: C:\ST\STM32CubeIDE_1.13.1\STM32CubeIDE\plugins\com.st.stm32cube.common.mx_6.9.1.202307191849
2023-10-24 14:16:48,208 [INFO] PluginManage:196 - Search for loadable plugins [exclusion list=, ]
2023-10-24 14:16:48,211 [INFO] PluginManage:310 - Check plugin analytics
2023-10-24 14:16:53,542 [INFO] AnalyticsPlugin:253 - Accepted Software Licenses: 
2023-10-24 14:16:53,543 [INFO] AnalyticsPlugin:255 - Accepted CMSIS Pack Licenses: 
2023-10-24 14:16:53,543 [INFO] AnalyticsPlugin:257 - Accepted Firmware Licenses: FW.L4.1.18.0
2023-10-24 14:16:53,549 [INFO] PluginManage:359 - Loaded plugin analytics (category:tool,tabindex:-1)
2023-10-24 14:16:53,550 [INFO] PluginManage:310 - Check plugin cadmodel
2023-10-24 14:16:53,558 [INFO] CADModel:105 - Init CAD model plugin
2023-10-24 14:16:53,558 [INFO] PluginManage:359 - Loaded plugin cadmodel (category:power,tabindex:5)
2023-10-24 14:16:53,558 [INFO] PluginManage:310 - Check plugin clock
2023-10-24 14:16:53,576 [INFO] PluginManage:359 - Loaded plugin clock (category:base,tabindex:2)
2023-10-24 14:16:53,577 [INFO] PluginManage:310 - Check plugin ddr
2023-10-24 14:16:53,581 [INFO] PluginManage:359 - Loaded plugin ddr (category:tool,tabindex:6)
2023-10-24 14:16:53,583 [INFO] PluginManage:310 - Check plugin filemanager
2023-10-24 14:16:53,799 [INFO] PluginManage:359 - Loaded plugin filemanager (category:base,tabindex:10)
2023-10-24 14:16:53,799 [INFO] PluginManage:310 - Check plugin ipmanager
2023-10-24 14:16:53,812 [INFO] PluginManage:359 - Loaded plugin ipmanager (category:base,tabindex:5)
2023-10-24 14:16:53,812 [INFO] PluginManage:310 - Check plugin lpbam
2023-10-24 14:16:53,827 [INFO] PluginManage:359 - Loaded plugin lpbam (category:base,tabindex:0)
2023-10-24 14:16:53,827 [INFO] PluginManage:310 - Check plugin memorymap
2023-10-24 14:16:53,846 [INFO] PluginManage:359 - Loaded plugin memorymap (category:base,tabindex:4)
2023-10-24 14:16:53,847 [INFO] PluginManage:310 - Check plugin pinoutandconfiguration
2023-10-24 14:16:53,858 [INFO] PluginManage:359 - Loaded plugin pinoutandconfiguration (category:base,tabindex:1)
2023-10-24 14:16:53,858 [INFO] PluginManage:310 - Check plugin pinoutconfig
2023-10-24 14:16:54,010 [WARN] SupportedApi:132 - Cannot load RTOS API schema: s4s-elt-must-match.1: The content of 'definitions' must match (annotation?, (simpleType | complexType)?, (unique | key | keyref)*)). A problem was found starting at: attribute.
2023-10-24 14:16:54,340 [INFO] PluginManage:359 - Loaded plugin pinoutconfig (category:base,tabindex:0)
2023-10-24 14:16:54,341 [INFO] PluginManage:310 - Check plugin power
2023-10-24 14:16:54,357 [INFO] PluginManage:359 - Loaded plugin power (category:power,tabindex:4)
2023-10-24 14:16:54,358 [INFO] PluginManage:310 - Check plugin projectmanager
2023-10-24 14:16:54,390 [INFO] PluginManage:359 - Loaded plugin projectmanager (category:projectmanager,tabindex:3)
2023-10-24 14:16:54,390 [INFO] PluginManage:310 - Check plugin thirdparty
2023-10-24 14:16:54,620 [INFO] PluginManage:359 - Loaded plugin thirdparty (category:base,tabindex:-1)
2023-10-24 14:16:54,620 [WARN] IntegrityCheckThread:84 - waiting for thirdparty lock release [integrity check]
2023-10-24 14:16:54,622 [INFO] PluginManage:310 - Check plugin tools
2023-10-24 14:16:54,622 [INFO] IntegrityCheckThread:86 - entering critical section [integrity check]
2023-10-24 14:16:54,623 [INFO] ThirdPartyUpdaterWithRetryManager:70 - Updater plugin not ready yet. [1/15]
2023-10-24 14:16:54,628 [INFO] PluginManage:359 - Loaded plugin tools (category:base,tabindex:7)
2023-10-24 14:16:54,628 [INFO] PluginManage:310 - Check plugin tutovideos
2023-10-24 14:16:55,065 [INFO] PluginManage:359 - Loaded plugin tutovideos (category:base,tabindex:-1)
2023-10-24 14:16:55,065 [INFO] PluginManage:310 - Check plugin updater
2023-10-24 14:16:55,083 [INFO] PluginManage:359 - Loaded plugin updater (category:base,tabindex:12)
2023-10-24 14:16:55,083 [INFO] PluginManage:310 - Check plugin userauth
2023-10-24 14:16:55,092 [INFO] UserAuth:113 - Init User Auth plugin
2023-10-24 14:16:55,092 [INFO] PluginManage:359 - Loaded plugin userauth (category:base,tabindex:14)
2023-10-24 14:16:55,093 [INFO] PluginManage:283 - PluginManage : Loaded plugins [17]
2023-10-24 14:16:55,450 [INFO] PinOutPanel:1499 - setPackage(No Configuration,No Configuration)
2023-10-24 14:16:55,646 [INFO] CADModel:165 - CPN selected for project level
2023-10-24 14:16:55,646 [INFO] CADModel:114 - Register for checkConnection events
2023-10-24 14:16:55,674 [INFO] IPUIPlugin:80 - create IPUIPlugin
2023-10-24 14:16:55,674 [INFO] PluginManager:220 - loadIPPluginJar : add adc
2023-10-24 14:16:55,678 [INFO] IPUIPlugin:80 - create IPUIPlugin
2023-10-24 14:16:55,678 [INFO] PluginManager:220 - loadIPPluginJar : add aes
2023-10-24 14:16:55,683 [INFO] IPUIPlugin:80 - create IPUIPlugin
2023-10-24 14:16:55,683 [INFO] PluginManager:220 - loadIPPluginJar : add can
2023-10-24 14:16:55,686 [INFO] IPUIPlugin:80 - create IPUIPlugin
2023-10-24 14:16:55,687 [INFO] PluginManager:220 - loadIPPluginJar : add comp
2023-10-24 14:16:55,691 [INFO] IPUIPlugin:80 - create IPUIPlugin
2023-10-24 14:16:55,692 [INFO] PluginManager:220 - loadIPPluginJar : add cryp
2023-10-24 14:16:55,695 [INFO] IPUIPlugin:80 - create IPUIPlugin
2023-10-24 14:16:55,695 [INFO] PluginManager:220 - loadIPPluginJar : add dfsdm
2023-10-24 14:16:55,702 [INFO] IPUIPlugin:80 - create IPUIPlugin
2023-10-24 14:16:55,703 [INFO] PluginManager:220 - loadIPPluginJar : add dma
2023-10-24 14:16:55,706 [INFO] IPUIPlugin:80 - create IPUIPlugin
2023-10-24 14:16:55,706 [INFO] PluginManager:220 - loadIPPluginJar : add dma3
2023-10-24 14:16:55,708 [INFO] IPUIPlugin:80 - create IPUIPlugin
2023-10-24 14:16:55,708 [INFO] PluginManager:220 - loadIPPluginJar : add fatfs
2023-10-24 14:16:55,713 [INFO] IPUIPlugin:80 - create IPUIPlugin
2023-10-24 14:16:55,713 [INFO] PluginManager:220 - loadIPPluginJar : add fmc
2023-10-24 14:16:55,719 [INFO] IPUIPlugin:80 - create IPUIPlugin
2023-10-24 14:16:55,719 [INFO] PluginManager:220 - loadIPPluginJar : add freertos
2023-10-24 14:16:55,722 [INFO] IPUIPlugin:80 - create IPUIPlugin
2023-10-24 14:16:55,723 [INFO] PluginManager:220 - loadIPPluginJar : add genericplugin
2023-10-24 14:16:55,725 [INFO] IPUIPlugin:80 - create IPUIPlugin
2023-10-24 14:16:55,726 [INFO] PluginManager:220 - loadIPPluginJar : add gfxmmu
2023-10-24 14:16:55,742 [INFO] IPUIPlugin:80 - create IPUIPlugin
2023-10-24 14:16:55,743 [INFO] PluginManager:220 - loadIPPluginJar : add gic
2023-10-24 14:16:55,747 [INFO] IPUIPlugin:80 - create IPUIPlugin
2023-10-24 14:16:55,748 [INFO] PluginManager:220 - loadIPPluginJar : add gpio
2023-10-24 14:16:55,752 [INFO] IPUIPlugin:80 - create IPUIPlugin
2023-10-24 14:16:55,752 [INFO] PluginManager:220 - loadIPPluginJar : add gtzc
2023-10-24 14:16:55,755 [INFO] IPUIPlugin:80 - create IPUIPlugin
2023-10-24 14:16:55,755 [INFO] PluginManager:220 - loadIPPluginJar : add hash
2023-10-24 14:16:55,758 [INFO] IPUIPlugin:80 - create IPUIPlugin
2023-10-24 14:16:55,758 [INFO] PluginManager:220 - loadIPPluginJar : add i2c
2023-10-24 14:16:55,761 [INFO] IPUIPlugin:80 - create IPUIPlugin
2023-10-24 14:16:55,762 [INFO] PluginManager:220 - loadIPPluginJar : add i2s
2023-10-24 14:16:55,773 [INFO] IPUIPlugin:80 - create IPUIPlugin
2023-10-24 14:16:55,774 [INFO] PluginManager:220 - loadIPPluginJar : add i3c
2023-10-24 14:16:55,778 [INFO] IPUIPlugin:80 - create IPUIPlugin
2023-10-24 14:16:55,778 [INFO] PluginManager:220 - loadIPPluginJar : add ipddr
2023-10-24 14:16:55,788 [INFO] IPUIPlugin:80 - create IPUIPlugin
2023-10-24 14:16:55,788 [INFO] PluginManager:220 - loadIPPluginJar : add linkedlist
2023-10-24 14:16:55,793 [INFO] IPUIPlugin:80 - create IPUIPlugin
2023-10-24 14:16:55,793 [INFO] PluginManager:220 - loadIPPluginJar : add lorawan
2023-10-24 14:16:55,796 [INFO] IPUIPlugin:80 - create IPUIPlugin
2023-10-24 14:16:55,796 [INFO] PluginManager:220 - loadIPPluginJar : add ltdc
2023-10-24 14:16:55,804 [INFO] IPUIPlugin:80 - create IPUIPlugin
2023-10-24 14:16:55,804 [INFO] PluginManager:220 - loadIPPluginJar : add mdma
2023-10-24 14:16:55,808 [INFO] IPUIPlugin:80 - create IPUIPlugin
2023-10-24 14:16:55,809 [INFO] PluginManager:220 - loadIPPluginJar : add nvic
2023-10-24 14:16:55,813 [INFO] IPUIPlugin:80 - create IPUIPlugin
2023-10-24 14:16:55,814 [INFO] PluginManager:220 - loadIPPluginJar : add opamp
2023-10-24 14:16:55,818 [INFO] IPUIPlugin:80 - create IPUIPlugin
2023-10-24 14:16:55,818 [INFO] PluginManager:220 - loadIPPluginJar : add openamp
2023-10-24 14:16:55,822 [INFO] IPUIPlugin:80 - create IPUIPlugin
2023-10-24 14:16:55,822 [INFO] PluginManager:220 - loadIPPluginJar : add pdm2pcm
2023-10-24 14:16:55,829 [INFO] IPUIPlugin:80 - create IPUIPlugin
2023-10-24 14:16:55,834 [INFO] PluginManager:220 - loadIPPluginJar : add plateformsettings
2023-10-24 14:16:55,837 [INFO] IPUIPlugin:80 - create IPUIPlugin
2023-10-24 14:16:55,837 [INFO] PluginManager:220 - loadIPPluginJar : add quadspi
2023-10-24 14:16:55,841 [INFO] IPUIPlugin:80 - create IPUIPlugin
2023-10-24 14:16:55,841 [INFO] PluginManager:220 - loadIPPluginJar : add resmgrutility
2023-10-24 14:16:55,845 [INFO] IPUIPlugin:80 - create IPUIPlugin
2023-10-24 14:16:55,845 [INFO] PluginManager:220 - loadIPPluginJar : add sai
2023-10-24 14:16:55,849 [INFO] IPUIPlugin:80 - create IPUIPlugin
2023-10-24 14:16:55,849 [INFO] PluginManager:220 - loadIPPluginJar : add spi
2023-10-24 14:16:55,856 [INFO] IPUIPlugin:80 - create IPUIPlugin
2023-10-24 14:16:55,856 [INFO] PluginManager:220 - loadIPPluginJar : add stm32_wpan
2023-10-24 14:16:55,859 [INFO] IPUIPlugin:80 - create IPUIPlugin
2023-10-24 14:16:55,859 [INFO] PluginManager:220 - loadIPPluginJar : add tim
2023-10-24 14:16:55,864 [INFO] IPUIPlugin:80 - create IPUIPlugin
2023-10-24 14:16:55,864 [INFO] PluginManager:220 - loadIPPluginJar : add touchsensing
2023-10-24 14:16:55,867 [INFO] IPUIPlugin:80 - create IPUIPlugin
2023-10-24 14:16:55,867 [INFO] PluginManager:220 - loadIPPluginJar : add tracer_emb
2023-10-24 14:16:55,870 [INFO] IPUIPlugin:80 - create IPUIPlugin
2023-10-24 14:16:55,870 [INFO] PluginManager:220 - loadIPPluginJar : add ts
2023-10-24 14:16:55,873 [INFO] IPUIPlugin:80 - create IPUIPlugin
2023-10-24 14:16:55,873 [INFO] PluginManager:220 - loadIPPluginJar : add tsc
2023-10-24 14:16:55,876 [INFO] IPUIPlugin:80 - create IPUIPlugin
2023-10-24 14:16:55,876 [INFO] PluginManager:220 - loadIPPluginJar : add ucpd
2023-10-24 14:16:55,880 [INFO] IPUIPlugin:80 - create IPUIPlugin
2023-10-24 14:16:55,880 [INFO] PluginManager:220 - loadIPPluginJar : add usart
2023-10-24 14:16:55,884 [INFO] IPUIPlugin:80 - create IPUIPlugin
2023-10-24 14:16:55,885 [INFO] PluginManager:220 - loadIPPluginJar : add usbx
2023-10-24 14:16:56,039 [INFO] CADModel:165 - CPN selected for project level
2023-10-24 14:16:56,039 [INFO] CADModel:114 - Register for checkConnection events
2023-10-24 14:16:56,039 [FATAL] Updater:308 - Updater called before beeing initialized
2023-10-24 14:16:56,039 [ERROR] CADModel:125 - Updater not yet initialized, retry later 
2023-10-24 14:16:56,338 [INFO] CADModel:165 - CPN selected for project level
2023-10-24 14:16:56,338 [INFO] CADModel:114 - Register for checkConnection events
2023-10-24 14:16:56,339 [FATAL] Updater:308 - Updater called before beeing initialized
2023-10-24 14:16:56,339 [ERROR] CADModel:125 - Updater not yet initialized, retry later 
2023-10-24 14:16:56,345 [FATAL] Updater:308 - Updater called before beeing initialized
2023-10-24 14:16:56,565 [FATAL] Updater:308 - Updater called before beeing initialized
2023-10-24 14:16:56,574 [INFO] DbMcusAds:53 - JSON generation date=Tue Mar 07 14:20:55 IST 2023 (1678179055114)
2023-10-24 14:16:56,575 [FATAL] Updater:308 - Updater called before beeing initialized
2023-10-24 14:16:56,623 [WARN] DetailPanel:346 - Failed to get advertising image, set to default
2023-10-24 14:16:56,792 [FATAL] Updater:308 - Updater called before beeing initialized
2023-10-24 14:16:56,795 [FATAL] Updater:308 - Updater called before beeing initialized
2023-10-24 14:16:56,796 [FATAL] Updater:308 - Updater called before beeing initialized
2023-10-24 14:16:56,796 [WARN] DetailPanel:346 - Failed to get advertising image, set to default
2023-10-24 14:16:56,797 [FATAL] Updater:308 - Updater called before beeing initialized
2023-10-24 14:16:56,878 [ERROR] Updater:1120 - MainUpdater not yet initialized. External WinMGr cannot be set.
2023-10-24 14:16:56,882 [INFO] Updater:1056 - Updater Version found : 6.9.1
2023-10-24 14:16:56,907 [INFO] ApplicationProperties:184 - Using Application install path: C:\ST\STM32CubeIDE_1.13.1\STM32CubeIDE\plugins\com.st.stm32cube.common.mx_6.9.1.202307191849
2023-10-24 14:16:57,090 [INFO] MainUpdater:2868 - connection check result : 10
2023-10-24 14:16:57,091 [INFO] MainUpdater:285 - Updater Check For Update Now.
2023-10-24 14:16:57,092 [INFO] MicroXplorer:498 - Change Database Version : DB.6.0.91
2023-10-24 14:16:57,108 [INFO] McuFinderGlobals:63 - Set McuFinder mode to 2 (CubeIDE integrated)
2023-10-24 14:16:57,108 [INFO] UserAuth:179 - activating auth plugin
2023-10-24 14:16:57,112 [INFO] UserAuth:393 - Internet connection configuration mode: 1
2023-10-24 14:16:57,140 [INFO] JxBrowserEngine:151 - Initiate JxBrowser Engine with user profile folder
2023-10-24 14:16:57,316 [INFO] CheckServerUpdateThread:120 - End of CheckServer Thread
2023-10-24 14:16:57,858 [WARN] PackLoader:240 - Cannot read IP mode file for STMicroelectronics.X-CUBE-SMBUS.2.1.0
2023-10-24 14:16:57,939 [WARN] PackLoader:240 - Cannot read IP mode file for STMicroelectronics.X-CUBE-AZRTOS-F7.1.1.0
2023-10-24 14:16:57,959 [WARN] PackLoader:240 - Cannot read IP mode file for STMicroelectronics.FP-SNS-MOTENV1.4.3.2
2023-10-24 14:16:57,975 [WARN] PackLoader:240 - Cannot read IP mode file for STMicroelectronics.FP-SNS-FLIGHT1.5.0.2
2023-10-24 14:16:57,996 [WARN] PackLoader:240 - Cannot read IP mode file for STMicroelectronics.X-CUBE-DISPLAY.3.0.0
2023-10-24 14:16:58,022 [WARN] PackLoader:240 - Cannot read IP mode file for STMicroelectronics.X-CUBE-BLE1.7.0.0
2023-10-24 14:16:58,034 [WARN] PackLoader:240 - Cannot read IP mode file for emotas.I-CUBE-CANOPEN.1.3.0
2023-10-24 14:16:58,044 [WARN] PackLoader:240 - Cannot read IP mode file for STMicroelectronics.X-CUBE-TOUCHGFX.4.22.0
2023-10-24 14:16:58,049 [WARN] PackLoader:240 - Cannot read IP mode file for STMicroelectronics.X-CUBE-TOUCHGFX.4.22.1
2023-10-24 14:16:58,059 [WARN] PackLoader:240 - Cannot read IP mode file for STMicroelectronics.FP-SNS-SMARTAG2.1.2.0
2023-10-24 14:16:58,088 [INFO] LogOutputStream:77 - [STDOUT_REDIRECT] 1 : Invalid condition id : UX_CORESTACK_Condition cause : null
2023-10-24 14:16:58,089 [INFO] LogOutputStream:77 - [STDOUT_REDIRECT] 1 : Invalid condition id : UX_CORESTACK_Condition cause : null
2023-10-24 14:16:58,092 [INFO] LogOutputStream:77 - [STDOUT_REDIRECT] 1 : Invalid condition id : UX_CORESTACK_Condition cause : null
2023-10-24 14:16:58,095 [INFO] LogOutputStream:77 - [STDOUT_REDIRECT] 1 : Invalid condition id : UX_CORESTACK_Condition cause : null
2023-10-24 14:16:58,097 [INFO] LogOutputStream:77 - [STDOUT_REDIRECT] 1 : Invalid condition id : UX_CORESTACK_Condition cause : null
2023-10-24 14:16:58,106 [WARN] PackLoader:240 - Cannot read IP mode file for STMicroelectronics.X-CUBE-AZRTOS-WL.2.0.0
2023-10-24 14:16:58,127 [WARN] PackLoader:240 - Cannot read IP mode file for WES.I-CUBE-Cesium.1.3.0
2023-10-24 14:16:58,148 [WARN] PackLoader:240 - Cannot read IP mode file for STMicroelectronics.X-CUBE-BLE2.3.3.0
2023-10-24 14:16:58,164 [WARN] PackLoader:240 - Cannot read IP mode file for STMicroelectronics.X-CUBE-ALGOBUILD.1.3.0
2023-10-24 14:16:58,205 [WARN] PackLoader:240 - Cannot read IP mode file for STMicroelectronics.X-CUBE-AZRTOS-G0.1.1.0
2023-10-24 14:16:58,219 [WARN] PackLoader:240 - Cannot read IP mode file for STMicroelectronics.X-CUBE-NFC4.3.0.0
2023-10-24 14:16:58,229 [WARN] PackLoader:240 - Cannot read IP mode file for STMicroelectronics.FP-ATR-SIGFOX1.3.2.0
2023-10-24 14:16:58,288 [WARN] PackLoader:240 - Cannot read IP mode file for SEGGER.I-CUBE-embOS.1.3.1
2023-10-24 14:16:58,352 [WARN] PackLoader:240 - Cannot read IP mode file for STMicroelectronics.X-CUBE-GNSS1.6.0.0
2023-10-24 14:16:58,380 [WARN] PackLoader:240 - Cannot read IP mode file for STMicroelectronics.X-CUBE-AZRTOS-F4.1.1.0
2023-10-24 14:16:58,390 [WARN] PackLoader:240 - Cannot read IP mode file for wolfSSL.I-CUBE-wolfSSL.5.6.3
2023-10-24 14:16:58,409 [WARN] PackLoader:240 - Cannot read IP mode file for STMicroelectronics.X-CUBE-AZRTOS-L5.2.0.0
2023-10-24 14:16:58,484 [WARN] PackLoader:240 - Cannot read IP mode file for STMicroelectronics.X-CUBE-MEMS1.9.6.0
2023-10-24 14:16:58,502 [INFO] WebApp:157 - Instantiating new browser for Auth
2023-10-24 14:16:58,870 [WARN] PackLoader:240 - Cannot read IP mode file for ITTIA_DB.I-CUBE-ITTIADB.8.8.0
2023-10-24 14:16:58,882 [WARN] PackLoader:240 - Cannot read IP mode file for STMicroelectronics.X-CUBE-BLEMGR.2.0.0
2023-10-24 14:16:58,905 [WARN] ConditionMgr:438 - getConditionDescription Invalid condition id : UX DEVICE CLASS RTOS Condition cause : null
2023-10-24 14:16:58,905 [WARN] ConditionMgr:438 - getConditionDescription Invalid condition id : UX DEVICE CLASS RTOS Condition cause : null
2023-10-24 14:16:58,909 [WARN] PackLoader:240 - Cannot read IP mode file for STMicroelectronics.X-CUBE-AZRTOS-H7.3.1.0
2023-10-24 14:16:58,910 [WARN] ConditionMgr:1039 - genDependencies : Invalid condition id : UX DEVICE CLASS RTOS Condition cause : null
2023-10-24 14:16:58,910 [WARN] ConditionMgr:1039 - genDependencies : Invalid condition id : UX DEVICE CLASS RTOS Condition cause : null
2023-10-24 14:16:58,911 [WARN] ConditionMgr:1039 - genDependencies : Invalid condition id : UX DEVICE CLASS RTOS Condition cause : null
2023-10-24 14:16:58,912 [WARN] ConditionMgr:1039 - genDependencies : Invalid condition id : UX DEVICE CLASS RTOS Condition cause : null
2023-10-24 14:16:58,912 [WARN] ConditionMgr:1039 - genDependencies : Invalid condition id : UX DEVICE CLASS RTOS Condition cause : null
2023-10-24 14:16:58,921 [WARN] PackLoader:240 - Cannot read IP mode file for STMicroelectronics.X-CUBE-NFC7.1.0.1
2023-10-24 14:16:58,935 [WARN] PackLoader:240 - Cannot read IP mode file for STMicroelectronics.X-CUBE-NFC6.3.0.0
2023-10-24 14:16:58,945 [WARN] PackLoader:240 - Cannot read IP mode file for STMicroelectronics.X-CUBE-EEPRMA1.4.1.0
2023-10-24 14:16:58,953 [WARN] PackLoader:240 - Cannot read IP mode file for STMicroelectronics.X-CUBE-AI.8.1.0
2023-10-24 14:16:58,973 [WARN] ConditionMgr:438 - getConditionDescription Invalid condition id : LAN8742 Phy interface Condition cause : null
2023-10-24 14:16:58,973 [WARN] PackLoader:240 - Cannot read IP mode file for STMicroelectronics.X-CUBE-AZRTOS-L4.2.0.0
2023-10-24 14:16:58,974 [WARN] ConditionMgr:1039 - genDependencies : Invalid condition id : LAN8742 Phy interface Condition cause : null
2023-10-24 14:16:58,975 [WARN] ConditionMgr:1039 - genDependencies : Invalid condition id : LAN8742 Phy interface Condition cause : null
2023-10-24 14:16:58,975 [WARN] ConditionMgr:1039 - genDependencies : Invalid condition id : LAN8742 Phy interface Condition cause : null
2023-10-24 14:16:58,984 [WARN] PackLoader:240 - Cannot read IP mode file for STMicroelectronics.X-CUBE-SFXS2LP1.4.0.0
2023-10-24 14:16:58,990 [WARN] PackLoader:240 - Cannot read IP mode file for STMicroelectronics.X-CUBE-ISPU.1.1.0
2023-10-24 14:16:59,005 [WARN] ConditionMgr:438 - getConditionDescription Invalid condition id : UX DEVICE CLASS RTOS Condition cause : null
2023-10-24 14:16:59,005 [WARN] ConditionMgr:438 - getConditionDescription Invalid condition id : UX DEVICE CLASS RTOS Condition cause : null
2023-10-24 14:16:59,008 [WARN] PackLoader:240 - Cannot read IP mode file for STMicroelectronics.X-CUBE-AZRTOS-WB.2.0.0
2023-10-24 14:16:59,009 [WARN] ConditionMgr:1039 - genDependencies : Invalid condition id : UX DEVICE CLASS RTOS Condition cause : null
2023-10-24 14:16:59,009 [WARN] ConditionMgr:1039 - genDependencies : Invalid condition id : UX DEVICE CLASS RTOS Condition cause : null
2023-10-24 14:16:59,010 [WARN] ConditionMgr:1039 - genDependencies : Invalid condition id : UX DEVICE CLASS RTOS Condition cause : null
2023-10-24 14:16:59,010 [WARN] ConditionMgr:1039 - genDependencies : Invalid condition id : UX DEVICE CLASS RTOS Condition cause : null
2023-10-24 14:16:59,010 [WARN] ConditionMgr:1039 - genDependencies : Invalid condition id : UX DEVICE CLASS RTOS Condition cause : null
2023-10-24 14:16:59,024 [WARN] PackLoader:240 - Cannot read IP mode file for STMicroelectronics.X-CUBE-SUBG2.5.0.0
2023-10-24 14:16:59,042 [WARN] PackLoader:240 - Cannot read IP mode file for STMicroelectronics.X-CUBE-TOF1.3.3.1
2023-10-24 14:16:59,067 [WARN] PackLoader:240 - Cannot read IP mode file for STMicroelectronics.X-CUBE-AZRTOS-G4.2.0.0
2023-10-24 14:16:59,090 [WARN] PackLoader:240 - Cannot read IP mode file for Infineon.AIROC-Wi-Fi-Bluetooth-STM32.1.5.1
2023-10-24 14:16:59,135 [WARN] PackLoader:240 - Cannot read IP mode file for STMicroelectronics.X-CUBE-MEMS1.10.0.0
2023-10-24 14:16:59,309 [WARN] PackLoader:240 - Cannot read IP mode file for STMicroelectronics.X-CUBE-FREERTOS.1.1.0
2023-10-24 14:16:59,319 [WARN] PackLoader:240 - Cannot read IP mode file for portGmbH.I-Cube-SoM-uGOAL.1.1.0
2023-10-24 14:16:59,327 [WARN] PackLoader:240 - Cannot read IP mode file for STMicroelectronics.X-CUBE-ALS.1.0.1
2023-10-24 14:16:59,337 [WARN] PackLoader:240 - Cannot read IP mode file for STMicroelectronics.FP-ATR-ASTRA1.2.0.0
2023-10-24 14:16:59,338 [INFO] ThirdParty:978 - Integrity check success = true
2023-10-24 14:16:59,339 [INFO] IntegrityCheckThread:100 - exiting critical section [integrity check]
2023-10-24 14:16:59,339 [INFO] IntegrityCheckThread:103 - End integrity checks thread
2023-10-24 14:16:59,939 [INFO] WebApp:753 - Register for checkConnection events
2023-10-24 14:16:59,940 [INFO] WebApp:390 - Apply proxy settings
2023-10-24 14:16:59,940 [INFO] WebApp:475 - Chromium requires no authentication
2023-10-24 14:16:59,958 [INFO] WebApp:418 - Direct internet connection detected
2023-10-24 14:17:00,350 [INFO] WebApp:188 - Starting web application
2023-10-24 14:17:00,351 [INFO] WebApp:520 - Web application path used C:\ST\STM32CubeIDE_1.13.1\STM32CubeIDE\plugins\com.st.stm32cube.common.mx_6.9.1.202307191849\db\plugins\mcufinder\reactClient1\index.html
2023-10-24 14:17:21,388 [ERROR] LogOutputStream:75 - [STDERR_REDIRECT] SLF4J: Failed to load class "org.slf4j.impl.StaticLoggerBinder".
2023-10-24 14:17:21,388 [ERROR] LogOutputStream:75 - [STDERR_REDIRECT] SLF4J: Defaulting to no-operation (NOP) logger implementation
2023-10-24 14:17:21,391 [ERROR] LogOutputStream:75 - [STDERR_REDIRECT] SLF4J: See http://www.slf4j.org/codes.html#StaticLoggerBinder for further details.
2023-10-24 14:43:59,129 [INFO] McuFinderGlobals:63 - Set McuFinder mode to 2 (CubeIDE integrated)
2023-10-24 14:43:59,137 [INFO] MainUpdater:2868 - connection check result : 10
2023-10-24 14:43:59,140 [INFO] MainUpdater:2868 - connection check result : 10
2023-10-24 14:43:59,227 [INFO] MicroXplorer:468 - Change Database Path : 
2023-10-24 14:43:59,227 [INFO] MicroXplorer:498 - Change Database Version : DB.6.0.91
2023-10-24 14:43:59,234 [WARN] ThirdParty:871 - waiting for thirdparty lock release [close project]
2023-10-24 14:43:59,234 [INFO] ThirdParty:873 - entering critical section [close project]
2023-10-24 14:43:59,235 [INFO] ThirdParty:883 - exiting critical section [close project]
2023-10-24 14:43:59,238 [INFO] PinOutPanel:1499 - setPackage(No Configuration,No Configuration)
2023-10-24 14:43:59,250 [INFO] UtilMem:75 - Begin LoadConfig() Used Memory: 703241208 Bytes (969932800)
2023-10-24 14:43:59,255 [INFO] MicroXplorer:468 - Change Database Path : 
2023-10-24 14:43:59,255 [INFO] MicroXplorer:498 - Change Database Version : DB.6.0.91
2023-10-24 14:43:59,256 [INFO] OpenFileManager:308 - Change cursor
2023-10-24 14:43:59,306 [INFO] Mcu:1946 - Initializing MCU STM32L476R(C-E-G)Tx STM32L476RGTx STM32L476RGT3
2023-10-24 14:44:03,239 [INFO] Context:659 - Trying to add GPIOservice into a context  which must be forbidden
2023-10-24 14:44:04,426 [INFO] RtosManager:555 - Registered RTOS mode: class=CMSIS, group=RTOS, mode=CMSIS_V1, owner=FREERTOS
2023-10-24 14:44:04,427 [INFO] RtosManager:555 - Registered RTOS mode: class=CMSIS, group=RTOS2, mode=CMSIS_V2, owner=FREERTOS
2023-10-24 14:44:04,427 [INFO] RtosManager:555 - Registered RTOS mode: class=RTOS, group=Core, mode=CMSIS_V1, owner=FREERTOS
2023-10-24 14:44:04,427 [INFO] RtosManager:555 - Registered RTOS mode: class=RTOS, group=Core, mode=CMSIS_V2, owner=FREERTOS
2023-10-24 14:44:04,428 [WARN] ModelIntegratedComponent:184 - Missing modes for component STMicroelectronics:FreeRTOS:0.0.1:STMicroelectronics:RTOS:FreeRTOS:Core:::10.2.0:
2023-10-24 14:44:04,454 [WARN] ModelIntegratedComponent:63 - No mode defined for component null
2023-10-24 14:44:04,454 [WARN] ModelIntegratedComponent:63 - No mode defined for component null
2023-10-24 14:44:04,454 [WARN] ModelIntegratedComponent:63 - No mode defined for component null
2023-10-24 14:44:04,454 [WARN] ModelIntegratedComponent:63 - No mode defined for component null
2023-10-24 14:44:04,455 [WARN] ModelIntegratedComponent:63 - No mode defined for component null
2023-10-24 14:44:04,455 [WARN] ModelIntegratedComponent:63 - No mode defined for component null
2023-10-24 14:44:04,455 [WARN] ModelIntegratedComponent:63 - No mode defined for component null
2023-10-24 14:44:04,455 [WARN] ModelIntegratedComponent:63 - No mode defined for component null
2023-10-24 14:44:04,455 [WARN] ModelIntegratedComponent:63 - No mode defined for component null
2023-10-24 14:44:04,455 [WARN] ModelIntegratedComponent:63 - No mode defined for component null
2023-10-24 14:44:04,456 [WARN] ModelIntegratedComponent:63 - No mode defined for component null
2023-10-24 14:44:04,456 [WARN] ModelIntegratedComponent:63 - No mode defined for component null
2023-10-24 14:44:04,456 [WARN] ModelIntegratedComponent:63 - No mode defined for component null
2023-10-24 14:44:04,456 [WARN] ModelIntegratedComponent:63 - No mode defined for component null
2023-10-24 14:44:04,456 [WARN] ModelIntegratedComponent:63 - No mode defined for component null
2023-10-24 14:44:04,456 [WARN] ModelIntegratedComponent:63 - No mode defined for component null
2023-10-24 14:44:04,456 [WARN] ModelIntegratedComponent:63 - No mode defined for component null
2023-10-24 14:44:04,457 [WARN] ModelIntegratedComponent:63 - No mode defined for component null
2023-10-24 14:44:04,457 [WARN] ModelIntegratedComponent:63 - No mode defined for component null
2023-10-24 14:44:04,457 [WARN] ModelIntegratedComponent:63 - No mode defined for component null
2023-10-24 14:44:04,457 [WARN] ModelIntegratedComponent:63 - No mode defined for component null
2023-10-24 14:44:04,457 [WARN] ModelIntegratedComponent:63 - No mode defined for component null
2023-10-24 14:44:04,457 [WARN] ModelIntegratedComponent:63 - No mode defined for component null
2023-10-24 14:44:04,457 [WARN] ModelIntegratedComponent:63 - No mode defined for component null
2023-10-24 14:44:04,457 [WARN] ModelIntegratedComponent:63 - No mode defined for component null
2023-10-24 14:44:04,457 [WARN] ModelIntegratedComponent:63 - No mode defined for component null
2023-10-24 14:44:04,457 [WARN] ModelIntegratedComponent:63 - No mode defined for component null
2023-10-24 14:44:04,457 [WARN] ModelIntegratedComponent:63 - No mode defined for component null
2023-10-24 14:44:04,457 [WARN] ModelIntegratedComponent:63 - No mode defined for component null
2023-10-24 14:44:04,459 [WARN] ModelIntegratedComponent:63 - No mode defined for component null
2023-10-24 14:44:04,459 [WARN] ModelIntegratedComponent:63 - No mode defined for component null
2023-10-24 14:44:04,459 [WARN] ModelIntegratedComponent:63 - No mode defined for component null
2023-10-24 14:44:04,459 [WARN] ModelIntegratedComponent:63 - No mode defined for component null
2023-10-24 14:44:04,613 [INFO] ThirdPartyModel:298 - Start build external matchings
2023-10-24 14:44:05,238 [INFO] ThirdPartyModel:316 - End build external matchings
2023-10-24 14:44:05,259 [INFO] ImportTextPane:194 - (OptionalMessage_ERROR) IP (RCC) : Invalid parameter (FamilyName)
2023-10-24 14:44:05,262 [INFO] ImportTextPane:194 - (OptionalMessage_ERROR) IP (RCC) : Parameter (RNGFreq_Value) has invalid value (64000000)
2023-10-24 14:44:05,262 [INFO] ImportTextPane:194 - (OptionalMessage_ERROR) IP (RCC) : Parameter (SDMMCFreq_Value) has invalid value (64000000)
2023-10-24 14:44:05,263 [INFO] ImportTextPane:194 - (OptionalMessage_ERROR) IP (RCC) : Parameter (USBFreq_Value) has invalid value (64000000)
2023-10-24 14:44:06,016 [INFO] UtilMem:75 - End LoadConfig() Used Memory: 658117536 Bytes (1073741824)
2023-10-24 14:44:06,206 [INFO] ApiDb:581 - Connected to CubeFinder SQLite database (C:\Users\AryaPranjal\.stmcufinder\plugins\mcufinder\mcu\cube-finder-db.db)
2023-10-24 14:44:06,340 [INFO] ApiDb:668 - CubeFinder database Data Model version=2.1
2023-10-24 14:44:06,340 [INFO] ApiDb:669 - CubeFinder database Configuration version=3.0.37
2023-10-24 14:44:06,342 [INFO] ApiDb:670 - CubeFinder database generation date=2023-08-09 (1691586011)
2023-10-24 14:44:06,342 [INFO] ApiDb:671 - CubeFinder database FW Pack versions=[FP-ATR-ASTRA1_V2.0.0, FP-SNS-FLIGHT1_V5.0.1, FP-SNS-FLIGHT1_V5.0.2, FP-SNS-MOTENV1_V4.3.1, FP-SNS-MOTENV1_V4.3.2, STM32Cube_FW_C0_V1.1.0, STM32Cube_FW_F4_V1.27.1, STM32Cube_FW_F7_V1.17.0, STM32Cube_FW_G0_V1.6.1, STM32Cube_FW_G4_V1.5.1, STM32Cube_FW_H5_V0.5.1, STM32Cube_FW_H5_V1.1.0, STM32Cube_FW_H7_V1.11.0, STM32Cube_FW_L0_V1.12.2, STM32Cube_FW_L5_V1.5.0, STM32Cube_FW_U5_V1.3.0, STM32Cube_FW_U5_V1.3.0RC4, STM32Cube_FW_WBA_V1.0.0RC1, STM32Cube_FW_WBA_V1.1.0, STM32Cube_FW_WBA_V1.1.0RC1, STM32Cube_FW_WB_V1.15.0RC1, STM32Cube_FW_WB_V1.16.0, STM32Cube_FW_WB_V1.16.0RC2, STM32Cube_FW_WB_V1.17.0, STM32Cube_FW_WL_V1.3.0, X-CUBE-ALGOBUILD_V1.3.0, X-CUBE-ALS_V1.0.1, X-CUBE-AZRTOS-F4_V1.1.0, X-CUBE-AZRTOS-F7_V1.1.0, X-CUBE-AZRTOS-G0_V1.1.0, X-CUBE-AZRTOS-G4_V2.0.0, X-CUBE-AZRTOS-H7_V3.1.0, X-CUBE-AZRTOS-L4_V1.0.0, X-CUBE-AZRTOS-L4_V2.0.0, X-CUBE-AZRTOS-L5_V1.1.0, X-CUBE-AZRTOS-WB_V1.1.0, X-CUBE-AZRTOS-WL_V2.0.0, X-CUBE-BLE1_V7.0.0, X-CUBE-BLE2_V3.3.0, X-CUBE-BLEMGR_V2.0.0, X-CUBE-EEPRMA1_V4.1.0, X-CUBE-FREERTOS_V1.1.0, X-CUBE-GNSS1_V6.0.0, X-CUBE-MEMS1_V9.1.0, X-CUBE-MEMS1_V9.4.0, X-CUBE-MEMS1_V9.6.0, X-CUBE-NFC4_V3.0.0, X-CUBE-NFC7_V1.0.0, X-CUBE-SFXS2LP1_V4.0.0, X-CUBE-SUBG2_V5.0.0, X-CUBE-TOF1_V3.3.1]
2023-10-24 14:44:09,824 [INFO] ApiDb:240 - Found 323 in-development CPN: [B-G473E-ZEST1S, B-WB1M-WPAN1, B-WL5M-SUBG1, NUCLEO-C031C6, NUCLEO-H503RB, NUCLEO-H563ZI, NUCLEO-U545RE-Q, NUCLEO-U5A5ZJ-Q, NUCLEO-WBA52CG, STEVAL-PROTEUS1, STEVAL-SMARTAG2, STEVAL-STWINBX1, STM320518-EVAL, STM32C0116-DK, STM32C011D6Y3TR, STM32C011D6Y6TR, STM32C011F4P3, STM32C011F4P6, STM32C011F4U3, STM32C011F4U6TR, STM32C011F6P3, STM32C011F6P6, STM32C011F6U3, STM32C011F6U6TR, STM32C011J4M3, STM32C011J4M6, STM32C011J6M3, STM32C011J6M6, STM32C0316-DK, STM32C031C4T3, STM32C031C4T6, STM32C031C4U3, STM32C031C4U6, STM32C031C6T3, STM32C031C6T6, STM32C031C6U3, STM32C031C6U6, STM32C031F4P3, STM32C031F4P6, STM32C031F6P3, STM32C031F6P6, STM32C031G4U3, STM32C031G4U6, STM32C031G6U3, STM32C031G6U6, STM32C031K4T3, STM32C031K4T6, STM32C031K4U3, STM32C031K4U6, STM32C031K6T3, STM32C031K6T6, STM32C031K6U3, STM32C031K6U6, STM32G071K8TXN, STM32G071K8UXN, STM32G081GBU6N, STM32G081KBT6N, STM32G081KBUXN, STM32G0B1CCT6N, STM32G0B1KCT6, STM32G0B1NEY6TR, STM32G0B1RCT6N, STM32G0C1CCT6, STM32G0C1CCT6N, STM32G0C1CCU6N, STM32G0C1CET6N, STM32G0C1CEU6N, STM32G0C1KCT6, STM32G0C1NEY6TR, STM32G0C1RCI6N, STM32G0C1RCT6N, STM32G0C1REI6N, STM32G0C1RET6N, STM32G0C1VCI6, STM32G0C1VEI6, STM32G471CCT6, STM32G471CCU6, STM32G471CET3, STM32G471CET6, STM32G471CEU3, STM32G471CEU6, STM32G471MCT6, STM32G471MET3, STM32G471MET6, STM32G471MEY6TR, STM32G471QCT6, STM32G471QET3, STM32G471RCT6, STM32G471RET3, STM32G471RET6, STM32G471VCH6, STM32G471VCI6, STM32G471VCT6, STM32G471VEH3, STM32G471VEH6, STM32G471VEI3, STM32G471VEI6, STM32G471VET3, STM32G471VET6, STM32G474CCT6, STM32H503CBT6, STM32H503CBU6, STM32H503EBY6TR, STM32H503KBU6, STM32H503RBT6, STM32H562AGI6, STM32H562AII6, STM32H562IGK6, STM32H562IGT6, STM32H562IIK6, STM32H562IIT6, STM32H562RGT6, STM32H562RGV6, STM32H562RIT6, STM32H562RIV6, STM32H562VGT6, STM32H562VIT6, STM32H562ZGT6, STM32H562ZIT6, STM32H563AGI6, STM32H563AII3Q, STM32H563AII6, STM32H563IGK6, STM32H563IGT6, STM32H563IIK3Q, STM32H563IIK6, STM32H563IIT3Q, STM32H563IIT6, STM32H563MIY3QTR, STM32H563RGT6, STM32H563RGV6, STM32H563RIT6, STM32H563RIV6, STM32H563VGT6, STM32H563VIT3Q, STM32H563VIT6, STM32H563ZGT6, STM32H563ZIT3Q, STM32H563ZIT6, STM32H573AII3Q, STM32H573AII6, STM32H573I-DK, STM32H573IIK3Q, STM32H573IIK6, STM32H573IIT3Q, STM32H573IIT6, STM32H573MIY3QTR, STM32H573RIT6, STM32H573RIV6, STM32H573VIT3Q, STM32H573VIT6, STM32H573ZIT3Q, STM32H573ZIT6, STM32L4R5QGI6STR, STM32MP131AAE3, STM32MP131AAF3, STM32MP131AAG3, STM32MP131CAE3, STM32MP131CAF3, STM32MP131CAG3, STM32MP131DAE7, STM32MP131DAF7, STM32MP131DAG7, STM32MP131FAE7, STM32MP131FAF7, STM32MP131FAG7, STM32MP133AAE3, STM32MP133AAF3, STM32MP133AAG3, STM32MP133CAE3, STM32MP133CAF3, STM32MP133CAG3, STM32MP133DAE7, STM32MP133DAF7, STM32MP133DAG7, STM32MP133FAE7, STM32MP133FAF7, STM32MP133FAG7, STM32MP135AAE3, STM32MP135AAF3, STM32MP135AAG3, STM32MP135CAE3, STM32MP135CAF3, STM32MP135CAG3, STM32MP135DAE7, STM32MP135DAF7, STM32MP135DAG7, STM32MP135F-DK, STM32MP135FAE7, STM32MP135FAF7, STM32MP135FAF7T, STM32MP135FAF7U, STM32MP135FAG7, STM32U535CBT6, STM32U535CBT6Q, STM32U535CBU6, STM32U535CBU6Q, STM32U535CCT6, STM32U535CCT6Q, STM32U535CCU6, STM32U535CCU6Q, STM32U535CET6, STM32U535CET6Q, STM32U535CEU6, STM32U535CEU6Q, STM32U535JEY6QTR, STM32U535NCY6QTR, STM32U535NEY6QTR, STM32U535RBI6, STM32U535RBI6Q, STM32U535RBT6, STM32U535RBT6Q, STM32U535RCI6, STM32U535RCI6Q, STM32U535RCT6, STM32U535RCT6Q, STM32U535REI6, STM32U535REI6Q, STM32U535RET6, STM32U535RET6Q, STM32U535VCI6, STM32U535VCI6Q, STM32U535VCT6, STM32U535VCT6Q, STM32U535VEI6, STM32U535VEI6Q, STM32U535VET6, STM32U535VET6Q, STM32U545CET6, STM32U545CET6Q, STM32U545CEU6, STM32U545CEU6Q, STM32U545JEY6QTR, STM32U545NEY6QTR, STM32U545REI6, STM32U545REI6Q, STM32U545RET6, STM32U545RET6Q, STM32U545VEI6, STM32U545VEI6Q, STM32U545VET6, STM32U545VET6Q, STM32U595AIH6, STM32U595AIH6Q, STM32U595AJH6, STM32U595AJH6Q, STM32U595QII6, STM32U595QII6Q, STM32U595QJI6, STM32U595QJI6Q, STM32U595RIT6, STM32U595RIT6Q, STM32U595RJT6, STM32U595RJT6Q, STM32U595VIT6, STM32U595VIT6Q, STM32U595VJT6, STM32U595VJT6Q, STM32U595ZIT6, STM32U595ZIT6Q, STM32U595ZIY6QTR, STM32U595ZJT6, STM32U595ZJT6Q, STM32U595ZJY6QTR, STM32U599BJY6QTR, STM32U599NIH6Q, STM32U599NJH6Q, STM32U599VIT6Q, STM32U599VJT6, STM32U599VJT6Q, STM32U599ZIT6Q, STM32U599ZIY6QTR, STM32U599ZJT6Q, STM32U599ZJY6QTR, STM32U5A5AJH6, STM32U5A5AJH6Q, STM32U5A5QJI6, STM32U5A5QJI6Q, STM32U5A5RJT6, STM32U5A5RJT6Q, STM32U5A5VJT6, STM32U5A5VJT6Q, STM32U5A5ZJT6, STM32U5A5ZJT6Q, STM32U5A5ZJY6QTR, STM32U5A9BJY6QTR, STM32U5A9J-DK, STM32U5A9NJH6Q, STM32U5A9VJT6Q, STM32U5A9ZJT6Q, STM32U5A9ZJY6QTR, STM32U5F7VIT6, STM32U5F7VIT6Q, STM32U5F7VJT6, STM32U5F7VJT6Q, STM32U5F9BJY6QTR, STM32U5F9NJH6Q, STM32U5F9VIT6Q, STM32U5F9VJT6Q, STM32U5F9ZIJ6QTR, STM32U5F9ZIT6Q, STM32U5F9ZJJ6QTR, STM32U5F9ZJT6Q, STM32U5G7VJT6, STM32U5G7VJT6Q, STM32U5G9BJY6QTR, STM32U5G9J-DK1, STM32U5G9J-DK2, STM32U5G9NJH6Q, STM32U5G9VJT6Q, STM32U5G9ZJJ6QTR, STM32U5G9ZJT6Q, STM32WB1MMCH6, STM32WBA52CEU6, STM32WBA52CEU6T, STM32WBA52CGU6, STM32WBA52CGU6T, STM32WBA52KEU6, STM32WBA52KEU6T, STM32WBA52KGU6, STM32WBA52KGU6T, STM32WL5MOCH6, STM32WL5MOCH6TR]
2023-10-24 14:44:09,833 [INFO] DbMcus:217 - Found 3848 MCUs, 3848 are supported
2023-10-24 14:44:09,834 [INFO] ApiDb:423 - Load user favorites file C:\Users\AryaPranjal/.stm32cubeide/favorites.mcus.txt: 0 item(s)
2023-10-24 14:44:09,834 [INFO] ApiDb:427 - User favorites MCUs=[]
2023-10-24 14:44:09,834 [INFO] DbMcus:223 - Set 0 / 0 favorites MCUs
2023-10-24 14:44:10,446 [WARN] ThirdParty:833 - waiting for thirdparty lock release [change project]
2023-10-24 14:44:10,447 [INFO] ThirdParty:835 - entering critical section [change project]
2023-10-24 14:44:10,447 [INFO] ThirdParty:1030 - CMSIS Pack Vendor :STMicroelectronics X-CUBE-ISPU 1.1.0
2023-10-24 14:44:10,447 [INFO] ThirdParty:1030 - CMSIS Pack Vendor :STMicroelectronics USBPD 4.1
2023-10-24 14:44:10,447 [INFO] ThirdParty:1030 - CMSIS Pack Vendor :STMicroelectronics X-CUBE-GNSS1 6.0.0
2023-10-24 14:44:10,447 [INFO] ThirdParty:1030 - CMSIS Pack Vendor :STMicroelectronics USB_HOST 2.0.0
2023-10-24 14:44:10,447 [INFO] ThirdParty:1030 - CMSIS Pack Vendor :STMicroelectronics X-CUBE-AZRTOS-F4 1.1.0
2023-10-24 14:44:10,447 [INFO] ThirdParty:1030 - CMSIS Pack Vendor :STMicroelectronics LIBJPEG 8.0.0
2023-10-24 14:44:10,447 [INFO] ThirdParty:1030 - CMSIS Pack Vendor :wolfSSL I-CUBE-wolfSSL 5.6.3
2023-10-24 14:44:10,447 [INFO] ThirdParty:1030 - CMSIS Pack Vendor :STMicroelectronics X-CUBE-SMBUS 2.1.0
2023-10-24 14:44:10,447 [INFO] ThirdParty:1030 - CMSIS Pack Vendor :STMicroelectronics USB_DEVICE 3.0.0
2023-10-24 14:44:10,447 [INFO] ThirdParty:1030 - CMSIS Pack Vendor :STMicroelectronics X-CUBE-AZRTOS-WB 2.0.0
2023-10-24 14:44:10,447 [INFO] ThirdParty:1030 - CMSIS Pack Vendor :STMicroelectronics X-CUBE-AZRTOS-F7 1.1.0
2023-10-24 14:44:10,447 [INFO] ThirdParty:1030 - CMSIS Pack Vendor :STMicroelectronics X-CUBE-AZRTOS-L5 2.0.0
2023-10-24 14:44:10,448 [INFO] ThirdParty:1030 - CMSIS Pack Vendor :STMicroelectronics USB_DEVICE 2.0.0
2023-10-24 14:44:10,448 [INFO] ThirdParty:1030 - CMSIS Pack Vendor :STMicroelectronics X-CUBE-MEMS1 9.6.0
2023-10-24 14:44:10,448 [INFO] ThirdParty:1030 - CMSIS Pack Vendor :ITTIA_DB I-CUBE-ITTIADB 8.8.0
2023-10-24 14:44:10,448 [INFO] ThirdParty:1030 - CMSIS Pack Vendor :STMicroelectronics FP-SNS-MOTENV1 4.3.2
2023-10-24 14:44:10,448 [INFO] ThirdParty:1030 - CMSIS Pack Vendor :STMicroelectronics X-CUBE-ALGOBUILD 1.3.0
2023-10-24 14:44:10,448 [INFO] ThirdParty:1030 - CMSIS Pack Vendor :STMicroelectronics FreeRTOS 0.0.1
2023-10-24 14:44:10,448 [INFO] ThirdParty:1030 - CMSIS Pack Vendor :STMicroelectronics X-CUBE-AZRTOS-G0 1.1.0
2023-10-24 14:44:10,448 [INFO] ThirdParty:1030 - CMSIS Pack Vendor :STMicroelectronics X-CUBE-BLEMGR 2.0.0
2023-10-24 14:44:10,448 [INFO] ThirdParty:1030 - CMSIS Pack Vendor :STMicroelectronics X-CUBE-NFC4 3.0.0
2023-10-24 14:44:10,448 [INFO] ThirdParty:1030 - CMSIS Pack Vendor :STMicroelectronics X-CUBE-SUBG2 5.0.0
2023-10-24 14:44:10,448 [INFO] ThirdParty:1030 - CMSIS Pack Vendor :STMicroelectronics STM32_WPAN 1.0.0
2023-10-24 14:44:10,448 [INFO] ThirdParty:1030 - CMSIS Pack Vendor :STMicroelectronics lwIP 2.0.3
2023-10-24 14:44:10,448 [INFO] ThirdParty:1030 - CMSIS Pack Vendor :STMicroelectronics FP-SNS-FLIGHT1 5.0.2
2023-10-24 14:44:10,448 [INFO] ThirdParty:1030 - CMSIS Pack Vendor :STMicroelectronics USB_HOST 1.0.0
2023-10-24 14:44:10,448 [INFO] ThirdParty:1030 - CMSIS Pack Vendor :STMicroelectronics X-CUBE-TOF1 3.3.1
2023-10-24 14:44:10,448 [INFO] ThirdParty:1030 - CMSIS Pack Vendor :STMicroelectronics X-CUBE-AZRTOS-G4 2.0.0
2023-10-24 14:44:10,448 [INFO] ThirdParty:1030 - CMSIS Pack Vendor :STMicroelectronics PDM2PCM 3.1.0
2023-10-24 14:44:10,448 [INFO] ThirdParty:1030 - CMSIS Pack Vendor :STMicroelectronics X-CUBE-AZRTOS-H7 3.1.0
2023-10-24 14:44:10,449 [INFO] ThirdParty:1030 - CMSIS Pack Vendor :Infineon AIROC-Wi-Fi-Bluetooth-STM32 1.5.1
2023-10-24 14:44:10,449 [INFO] ThirdParty:1030 - CMSIS Pack Vendor :STMicroelectronics PDM2PCM 3.3.0
2023-10-24 14:44:10,449 [INFO] ThirdParty:1030 - CMSIS Pack Vendor :STMicroelectronics X-CUBE-DISPLAY 3.0.0
2023-10-24 14:44:10,449 [INFO] ThirdParty:1030 - CMSIS Pack Vendor :STMicroelectronics X-CUBE-BLE1 7.0.0
2023-10-24 14:44:10,449 [INFO] ThirdParty:1030 - CMSIS Pack Vendor :STMicroelectronics FP-ATR-SIGFOX1 3.2.0
2023-10-24 14:44:10,449 [INFO] ThirdParty:1030 - CMSIS Pack Vendor :STMicroelectronics HAL Drivers 0.0.0
2023-10-24 14:44:10,449 [INFO] ThirdParty:1030 - CMSIS Pack Vendor :STMicroelectronics MBEDTLS 2.16.2
2023-10-24 14:44:10,449 [INFO] ThirdParty:1030 - CMSIS Pack Vendor :emotas I-CUBE-CANOPEN 1.3.0
2023-10-24 14:44:10,449 [INFO] ThirdParty:1030 - CMSIS Pack Vendor :STMicroelectronics X-CUBE-MEMS1 10.0.0
2023-10-24 14:44:10,449 [INFO] ThirdParty:1030 - CMSIS Pack Vendor :STMicroelectronics X-CUBE-FREERTOS 1.1.0
2023-10-24 14:44:10,449 [INFO] ThirdParty:1030 - CMSIS Pack Vendor :STMicroelectronics X-CUBE-TOUCHGFX 4.22.0
2023-10-24 14:44:10,449 [INFO] ThirdParty:1030 - CMSIS Pack Vendor :STMicroelectronics X-CUBE-NFC7 1.0.1
2023-10-24 14:44:10,449 [INFO] ThirdParty:1030 - CMSIS Pack Vendor :STMicroelectronics MBEDTLS 2.14.1
2023-10-24 14:44:10,449 [INFO] ThirdParty:1030 - CMSIS Pack Vendor :STMicroelectronics X-CUBE-TOUCHGFX 4.22.1
2023-10-24 14:44:10,449 [INFO] ThirdParty:1030 - CMSIS Pack Vendor :STMicroelectronics X-CUBE-NFC6 3.0.0
2023-10-24 14:44:10,449 [INFO] ThirdParty:1030 - CMSIS Pack Vendor :STMicroelectronics X-CUBE-EEPRMA1 4.1.0
2023-10-24 14:44:10,449 [INFO] ThirdParty:1030 - CMSIS Pack Vendor :portGmbH I-Cube-SoM-uGOAL 1.1.0
2023-10-24 14:44:10,450 [INFO] ThirdParty:1030 - CMSIS Pack Vendor :STMicroelectronics X-CUBE-ALS 1.0.1
2023-10-24 14:44:10,450 [INFO] ThirdParty:1030 - CMSIS Pack Vendor :STMicroelectronics ThreadX 1.0.0
2023-10-24 14:44:10,450 [INFO] ThirdParty:1030 - CMSIS Pack Vendor :STMicroelectronics FP-SNS-SMARTAG2 1.2.0
2023-10-24 14:44:10,450 [INFO] ThirdParty:1030 - CMSIS Pack Vendor :STMicroelectronics X-CUBE-AZRTOS-WL 2.0.0
2023-10-24 14:44:10,450 [INFO] ThirdParty:1030 - CMSIS Pack Vendor :SEGGER I-CUBE-embOS 1.3.1
2023-10-24 14:44:10,450 [INFO] ThirdParty:1030 - CMSIS Pack Vendor :STMicroelectronics USB_DEVICE 1.0.0
2023-10-24 14:44:10,450 [INFO] ThirdParty:1030 - CMSIS Pack Vendor :STMicroelectronics X-CUBE-AI 8.1.0
2023-10-24 14:44:10,450 [INFO] ThirdParty:1030 - CMSIS Pack Vendor :STMicroelectronics X-CUBE-AZRTOS-L4 2.0.0
2023-10-24 14:44:10,450 [INFO] ThirdParty:1030 - CMSIS Pack Vendor :STMicroelectronics ThreadX 0.0.2
2023-10-24 14:44:10,450 [INFO] ThirdParty:1030 - CMSIS Pack Vendor :WES I-CUBE-Cesium 1.3.0
2023-10-24 14:44:10,450 [INFO] ThirdParty:1030 - CMSIS Pack Vendor :STMicroelectronics FP-ATR-ASTRA1 2.0.0
2023-10-24 14:44:10,450 [INFO] ThirdParty:1030 - CMSIS Pack Vendor :STMicroelectronics lwIP 2.1.2
2023-10-24 14:44:10,450 [INFO] ThirdParty:1030 - CMSIS Pack Vendor :STMicroelectronics X-CUBE-SFXS2LP1 4.0.0
2023-10-24 14:44:10,450 [INFO] ThirdParty:1030 - CMSIS Pack Vendor :STMicroelectronics X-CUBE-BLE2 3.3.0
2023-10-24 14:44:10,450 [INFO] ThirdParty:1030 - CMSIS Pack Vendor :STMicroelectronics PDM2PCM 3.2.0
2023-10-24 14:44:10,450 [INFO] ThirdParty:841 - exiting critical section [change project]
2023-10-24 14:44:11,242 [INFO] PinOutPanel:1499 - setPackage(No Configuration,No Configuration)
2023-10-24 14:44:11,244 [INFO] PinOutPanel:1499 - setPackage(STM32L476RGTx,LQFP64)
2023-10-24 14:44:12,672 [INFO] UtilMem:75 - Before build in PCC Used Memory: 714000304 Bytes (1073741824)
2023-10-24 14:44:14,487 [INFO] UtilMem:75 - After build in PCC Used Memory: 818857904 Bytes (1073741824)
2023-10-24 14:44:14,533 [INFO] IPUIPlugin:80 - create IPUIPlugin
2023-10-24 14:44:14,533 [INFO] IPUIPlugin:80 - create IPUIPlugin
2023-10-24 14:44:14,533 [INFO] IPUIPlugin:80 - create IPUIPlugin
2023-10-24 14:44:14,533 [INFO] IPUIPlugin:80 - create IPUIPlugin
2023-10-24 14:44:14,533 [INFO] IPUIPlugin:80 - create IPUIPlugin
2023-10-24 14:44:14,533 [INFO] IPUIPlugin:80 - create IPUIPlugin
2023-10-24 14:44:14,533 [INFO] IPUIPlugin:80 - create IPUIPlugin
2023-10-24 14:44:14,534 [INFO] IPUIPlugin:80 - create IPUIPlugin
2023-10-24 14:44:14,534 [INFO] IPUIPlugin:80 - create IPUIPlugin
2023-10-24 14:44:14,534 [INFO] IPUIPlugin:80 - create IPUIPlugin
2023-10-24 14:44:14,534 [INFO] IPUIPlugin:80 - create IPUIPlugin
2023-10-24 14:44:14,535 [INFO] IPUIPlugin:80 - create IPUIPlugin
2023-10-24 14:44:14,535 [INFO] IPUIPlugin:80 - create IPUIPlugin
2023-10-24 14:44:14,535 [INFO] IPUIPlugin:80 - create IPUIPlugin
2023-10-24 14:44:14,535 [INFO] IPUIPlugin:80 - create IPUIPlugin
2023-10-24 14:44:14,535 [INFO] IPUIPlugin:80 - create IPUIPlugin
2023-10-24 14:44:14,535 [INFO] IPUIPlugin:80 - create IPUIPlugin
2023-10-24 14:44:14,535 [INFO] IPUIPlugin:80 - create IPUIPlugin
2023-10-24 14:44:14,536 [INFO] IPUIPlugin:80 - create IPUIPlugin
2023-10-24 14:44:14,536 [INFO] IPUIPlugin:80 - create IPUIPlugin
2023-10-24 14:44:14,536 [INFO] IPUIPlugin:80 - create IPUIPlugin
2023-10-24 14:44:14,536 [INFO] IPUIPlugin:80 - create IPUIPlugin
2023-10-24 14:44:14,537 [INFO] IPUIPlugin:80 - create IPUIPlugin
2023-10-24 14:44:14,537 [INFO] IPUIPlugin:80 - create IPUIPlugin
2023-10-24 14:44:14,537 [INFO] IPUIPlugin:80 - create IPUIPlugin
2023-10-24 14:44:14,537 [INFO] IPUIPlugin:80 - create IPUIPlugin
2023-10-24 14:44:14,538 [INFO] IPUIPlugin:80 - create IPUIPlugin
2023-10-24 14:44:14,538 [INFO] IPUIPlugin:80 - create IPUIPlugin
2023-10-24 14:44:14,538 [INFO] IPUIPlugin:80 - create IPUIPlugin
2023-10-24 14:44:14,538 [INFO] IPUIPlugin:80 - create IPUIPlugin
2023-10-24 14:44:14,538 [INFO] IPUIPlugin:80 - create IPUIPlugin
2023-10-24 14:44:14,539 [INFO] IPUIPlugin:80 - create IPUIPlugin
2023-10-24 14:44:14,539 [INFO] IPUIPlugin:80 - create IPUIPlugin
2023-10-24 14:44:14,539 [INFO] IPUIPlugin:80 - create IPUIPlugin
2023-10-24 14:44:14,539 [INFO] IPUIPlugin:80 - create IPUIPlugin
2023-10-24 14:44:14,540 [INFO] IPUIPlugin:80 - create IPUIPlugin
2023-10-24 14:44:14,540 [INFO] IPUIPlugin:80 - create IPUIPlugin
2023-10-24 14:44:14,540 [INFO] IPUIPlugin:80 - create IPUIPlugin
2023-10-24 14:44:14,540 [INFO] IPUIPlugin:80 - create IPUIPlugin
2023-10-24 14:44:14,541 [INFO] IPUIPlugin:80 - create IPUIPlugin
2023-10-24 14:44:14,541 [INFO] IPUIPlugin:80 - create IPUIPlugin
2023-10-24 14:44:14,541 [INFO] IPUIPlugin:80 - create IPUIPlugin
2023-10-24 14:44:14,542 [INFO] IPUIPlugin:80 - create IPUIPlugin
2023-10-24 14:44:14,542 [INFO] IPUIPlugin:80 - create IPUIPlugin
2023-10-24 14:44:14,542 [INFO] IPUIPlugin:80 - create IPUIPlugin
2023-10-24 14:44:14,543 [INFO] IPUIPlugin:80 - create IPUIPlugin
2023-10-24 14:44:14,543 [INFO] IPUIPlugin:80 - create IPUIPlugin
2023-10-24 14:44:14,543 [INFO] IPUIPlugin:80 - create IPUIPlugin
2023-10-24 14:44:14,544 [INFO] IPUIPlugin:80 - create IPUIPlugin
2023-10-24 14:44:14,544 [INFO] IPUIPlugin:80 - create IPUIPlugin
2023-10-24 14:44:14,544 [INFO] IPUIPlugin:80 - create IPUIPlugin
2023-10-24 14:44:14,545 [INFO] IPUIPlugin:80 - create IPUIPlugin
2023-10-24 14:44:14,545 [INFO] IPUIPlugin:80 - create IPUIPlugin
2023-10-24 14:44:14,545 [INFO] IPUIPlugin:80 - create IPUIPlugin
2023-10-24 14:44:14,546 [INFO] IPUIPlugin:80 - create IPUIPlugin
2023-10-24 14:44:14,547 [INFO] IPUIPlugin:80 - create IPUIPlugin
2023-10-24 14:44:14,547 [INFO] IPUIPlugin:80 - create IPUIPlugin
2023-10-24 14:44:14,548 [INFO] IPUIPlugin:80 - create IPUIPlugin
2023-10-24 14:44:14,549 [INFO] IPUIPlugin:80 - create IPUIPlugin
2023-10-24 14:44:15,001 [INFO] CADModel:165 - CPN selected for project levelSTM32L476RGT3
2023-10-24 14:44:15,002 [INFO] CADModel:114 - Register for checkConnection events
2023-10-24 14:44:15,082 [INFO] OpenFileManager:328 - Restore cursor
2023-10-24 17:14:42,935 [ERROR] LogOutputStream:75 - [STDERR_REDIRECT] 
2023-10-24 20:26:55,736 [INFO] Activator:176 - 


2023-10-24 20:26:55,740 [INFO] Activator:177 - !SESSION log4j initialized
2023-10-24 20:27:06,544 [INFO] LogOutputStream:77 - [STDOUT_REDIRECT] 
2023-10-24 20:27:55,663 [INFO] Activator:176 - 


2023-10-24 20:27:55,670 [INFO] Activator:177 - !SESSION log4j initialized
2023-10-24 20:28:05,836 [INFO] LogOutputStream:77 - [STDOUT_REDIRECT] 
2023-10-24 20:28:12,833 [INFO] ApplicationProperties:184 - Using Application install path: C:\ST\STM32CubeIDE_1.13.1\STM32CubeIDE\plugins\com.st.stm32cube.common.mx_6.9.1.202307191849
2023-10-24 20:28:12,891 [INFO] DbMcusXml:78 - Set database path to: C:\ST\STM32CubeIDE_1.13.1\STM32CubeIDE\plugins\com.st.stm32cube.common.mx_6.9.1.202307191849\\db\/mcu/
2023-10-24 20:28:12,891 [INFO] ApiDb:274 - Set plugin database path to: C:\ST\STM32CubeIDE_1.13.1\STM32CubeIDE\plugins\com.st.stm32cube.common.mx_6.9.1.202307191849\\db\/plugins/boardmanager/
2023-10-24 20:28:12,892 [WARN] ApiDb:259 - Overriding images path with different value:  => C:\ST\STM32CubeIDE_1.13.1\STM32CubeIDE\plugins\com.st.stm32cube.common.mx_6.9.1.202307191849\\db\/plugins/mcufinder/images/
2023-10-24 20:28:12,925 [INFO] ApiDb:250 - Set database path to: C:\Users\AryaPranjal\.stmcufinder\plugins\mcufinder//mcu/
2023-10-24 20:28:12,929 [INFO] DbMcusAds:125 - Set database path to: C:\Users\AryaPranjal\.stmcufinder\plugins\mcufinder//mcu/
2023-10-24 20:28:12,933 [INFO] CrossReferenceDbSqlite:203 - Set database path to: C:\Users\AryaPranjal\.stmcufinder\plugins\mcufinder//mcu/cs/
2023-10-24 20:28:13,349 [INFO] RulesReader:64 - Compatibility file has been processed (293 Rules)
2023-10-24 20:28:13,562 [INFO] DbMcusXml:78 - Set database path to: C:\ST\STM32CubeIDE_1.13.1\STM32CubeIDE\plugins\com.st.stm32cube.common.mx_6.9.1.202307191849\\db\/mcu/
2023-10-24 20:28:13,562 [INFO] ApiDb:274 - Set plugin database path to: C:\ST\STM32CubeIDE_1.13.1\STM32CubeIDE\plugins\com.st.stm32cube.common.mx_6.9.1.202307191849\\db\/plugins/boardmanager/
2023-10-24 20:28:13,563 [INFO] ApiDb:261 - Set plugin images path to: C:\ST\STM32CubeIDE_1.13.1\STM32CubeIDE\plugins\com.st.stm32cube.common.mx_6.9.1.202307191849\\db\/plugins/mcufinder/images/
2023-10-24 20:28:13,563 [WARN] DbFile:41 - Overriding database path with different value: C:\Users\AryaPranjal\.stmcufinder\plugins\mcufinder/ => C:\Users\AryaPranjal\.stmcufinder\plugins\mcufinder
2023-10-24 20:28:13,563 [INFO] ApiDb:250 - Set database path to: C:\Users\AryaPranjal\.stmcufinder\plugins\mcufinder//mcu/
2023-10-24 20:28:13,563 [WARN] DbFile:41 - Overriding database path with different value: C:\Users\AryaPranjal\.stmcufinder\plugins\mcufinder/ => C:\Users\AryaPranjal\.stmcufinder\plugins\mcufinder
2023-10-24 20:28:13,564 [INFO] DbMcusAds:125 - Set database path to: C:\Users\AryaPranjal\.stmcufinder\plugins\mcufinder//mcu/
2023-10-24 20:28:13,564 [WARN] DbFile:41 - Overriding database path with different value: C:\Users\AryaPranjal\.stmcufinder\plugins\mcufinder/ => C:\Users\AryaPranjal\.stmcufinder\plugins\mcufinder
2023-10-24 20:28:13,564 [WARN] DbFile:41 - Overriding database path with different value: C:\Users\AryaPranjal\.stmcufinder\plugins\mcufinder/ => C:\Users\AryaPranjal\.stmcufinder\plugins\mcufinder
2023-10-24 20:28:13,564 [INFO] CrossReferenceDbSqlite:203 - Set database path to: C:\Users\AryaPranjal\.stmcufinder\plugins\mcufinder//mcu/cs/
2023-10-24 20:28:13,749 [INFO] MainPanel:262 - HeapMemory: 268435456
2023-10-24 20:28:13,958 [INFO] DbMcusXml:78 - Set database path to: C:\ST\STM32CubeIDE_1.13.1\STM32CubeIDE\plugins\com.st.stm32cube.common.mx_6.9.1.202307191849\\db\/mcu/
2023-10-24 20:28:13,958 [INFO] ApiDb:274 - Set plugin database path to: C:\ST\STM32CubeIDE_1.13.1\STM32CubeIDE\plugins\com.st.stm32cube.common.mx_6.9.1.202307191849\\db\/plugins/boardmanager/
2023-10-24 20:28:13,958 [INFO] ApiDb:261 - Set plugin images path to: C:\ST\STM32CubeIDE_1.13.1\STM32CubeIDE\plugins\com.st.stm32cube.common.mx_6.9.1.202307191849\\db\/plugins/mcufinder/images/
2023-10-24 20:28:13,959 [WARN] DbFile:41 - Overriding database path with different value: C:\Users\AryaPranjal\.stmcufinder\plugins\mcufinder/ => C:\Users\AryaPranjal\.stmcufinder\plugins\mcufinder
2023-10-24 20:28:13,959 [INFO] ApiDb:250 - Set database path to: C:\Users\AryaPranjal\.stmcufinder\plugins\mcufinder//mcu/
2023-10-24 20:28:13,960 [WARN] DbFile:41 - Overriding database path with different value: C:\Users\AryaPranjal\.stmcufinder\plugins\mcufinder/ => C:\Users\AryaPranjal\.stmcufinder\plugins\mcufinder
2023-10-24 20:28:13,960 [INFO] DbMcusAds:125 - Set database path to: C:\Users\AryaPranjal\.stmcufinder\plugins\mcufinder//mcu/
2023-10-24 20:28:13,960 [WARN] DbFile:41 - Overriding database path with different value: C:\Users\AryaPranjal\.stmcufinder\plugins\mcufinder/ => C:\Users\AryaPranjal\.stmcufinder\plugins\mcufinder
2023-10-24 20:28:13,960 [WARN] DbFile:41 - Overriding database path with different value: C:\Users\AryaPranjal\.stmcufinder\plugins\mcufinder/ => C:\Users\AryaPranjal\.stmcufinder\plugins\mcufinder
2023-10-24 20:28:13,960 [INFO] CrossReferenceDbSqlite:203 - Set database path to: C:\Users\AryaPranjal\.stmcufinder\plugins\mcufinder//mcu/cs/
2023-10-24 20:28:13,999 [INFO] ApplicationProperties:184 - Using Application install path: C:\ST\STM32CubeIDE_1.13.1\STM32CubeIDE\plugins\com.st.stm32cube.common.mx_6.9.1.202307191849
2023-10-24 20:28:14,002 [INFO] PluginManage:196 - Search for loadable plugins [exclusion list=, ]
2023-10-24 20:28:14,005 [INFO] PluginManage:310 - Check plugin analytics
2023-10-24 20:28:19,368 [INFO] AnalyticsPlugin:253 - Accepted Software Licenses: 
2023-10-24 20:28:19,368 [INFO] AnalyticsPlugin:255 - Accepted CMSIS Pack Licenses: 
2023-10-24 20:28:19,369 [INFO] AnalyticsPlugin:257 - Accepted Firmware Licenses: FW.L4.1.18.0
2023-10-24 20:28:19,377 [INFO] PluginManage:359 - Loaded plugin analytics (category:tool,tabindex:-1)
2023-10-24 20:28:19,379 [INFO] PluginManage:310 - Check plugin cadmodel
2023-10-24 20:28:19,396 [INFO] CADModel:105 - Init CAD model plugin
2023-10-24 20:28:19,396 [INFO] PluginManage:359 - Loaded plugin cadmodel (category:power,tabindex:5)
2023-10-24 20:28:19,397 [INFO] PluginManage:310 - Check plugin clock
2023-10-24 20:28:19,418 [INFO] PluginManage:359 - Loaded plugin clock (category:base,tabindex:2)
2023-10-24 20:28:19,418 [INFO] PluginManage:310 - Check plugin ddr
2023-10-24 20:28:19,423 [INFO] PluginManage:359 - Loaded plugin ddr (category:tool,tabindex:6)
2023-10-24 20:28:19,423 [INFO] PluginManage:310 - Check plugin filemanager
2023-10-24 20:28:19,672 [INFO] PluginManage:359 - Loaded plugin filemanager (category:base,tabindex:10)
2023-10-24 20:28:19,672 [INFO] PluginManage:310 - Check plugin ipmanager
2023-10-24 20:28:19,686 [INFO] PluginManage:359 - Loaded plugin ipmanager (category:base,tabindex:5)
2023-10-24 20:28:19,687 [INFO] PluginManage:310 - Check plugin lpbam
2023-10-24 20:28:19,700 [INFO] PluginManage:359 - Loaded plugin lpbam (category:base,tabindex:0)
2023-10-24 20:28:19,700 [INFO] PluginManage:310 - Check plugin memorymap
2023-10-24 20:28:19,728 [INFO] PluginManage:359 - Loaded plugin memorymap (category:base,tabindex:4)
2023-10-24 20:28:19,729 [INFO] PluginManage:310 - Check plugin pinoutandconfiguration
2023-10-24 20:28:19,746 [INFO] PluginManage:359 - Loaded plugin pinoutandconfiguration (category:base,tabindex:1)
2023-10-24 20:28:19,746 [INFO] PluginManage:310 - Check plugin pinoutconfig
2023-10-24 20:28:19,946 [WARN] SupportedApi:132 - Cannot load RTOS API schema: s4s-elt-must-match.1: The content of 'definitions' must match (annotation?, (simpleType | complexType)?, (unique | key | keyref)*)). A problem was found starting at: attribute.
2023-10-24 20:28:20,172 [INFO] PluginManage:359 - Loaded plugin pinoutconfig (category:base,tabindex:0)
2023-10-24 20:28:20,172 [INFO] PluginManage:310 - Check plugin power
2023-10-24 20:28:20,199 [INFO] PluginManage:359 - Loaded plugin power (category:power,tabindex:4)
2023-10-24 20:28:20,199 [INFO] PluginManage:310 - Check plugin projectmanager
2023-10-24 20:28:20,222 [INFO] PluginManage:359 - Loaded plugin projectmanager (category:projectmanager,tabindex:3)
2023-10-24 20:28:20,222 [INFO] PluginManage:310 - Check plugin thirdparty
2023-10-24 20:28:20,506 [INFO] PluginManage:359 - Loaded plugin thirdparty (category:base,tabindex:-1)
2023-10-24 20:28:20,506 [WARN] IntegrityCheckThread:84 - waiting for thirdparty lock release [integrity check]
2023-10-24 20:28:20,506 [INFO] PluginManage:310 - Check plugin tools
2023-10-24 20:28:20,506 [INFO] IntegrityCheckThread:86 - entering critical section [integrity check]
2023-10-24 20:28:20,508 [INFO] ThirdPartyUpdaterWithRetryManager:70 - Updater plugin not ready yet. [1/15]
2023-10-24 20:28:20,513 [INFO] PluginManage:359 - Loaded plugin tools (category:base,tabindex:7)
2023-10-24 20:28:20,513 [INFO] PluginManage:310 - Check plugin tutovideos
2023-10-24 20:28:20,811 [INFO] PluginManage:359 - Loaded plugin tutovideos (category:base,tabindex:-1)
2023-10-24 20:28:20,811 [INFO] PluginManage:310 - Check plugin updater
2023-10-24 20:28:20,832 [INFO] PluginManage:359 - Loaded plugin updater (category:base,tabindex:12)
2023-10-24 20:28:20,832 [INFO] PluginManage:310 - Check plugin userauth
2023-10-24 20:28:20,842 [INFO] UserAuth:113 - Init User Auth plugin
2023-10-24 20:28:20,843 [INFO] PluginManage:359 - Loaded plugin userauth (category:base,tabindex:14)
2023-10-24 20:28:20,843 [INFO] PluginManage:283 - PluginManage : Loaded plugins [17]
2023-10-24 20:28:21,229 [INFO] PinOutPanel:1499 - setPackage(No Configuration,No Configuration)
2023-10-24 20:28:21,457 [INFO] CADModel:165 - CPN selected for project level
2023-10-24 20:28:21,458 [INFO] CADModel:114 - Register for checkConnection events
2023-10-24 20:28:21,512 [INFO] IPUIPlugin:80 - create IPUIPlugin
2023-10-24 20:28:21,512 [INFO] PluginManager:220 - loadIPPluginJar : add adc
2023-10-24 20:28:21,517 [INFO] IPUIPlugin:80 - create IPUIPlugin
2023-10-24 20:28:21,517 [INFO] PluginManager:220 - loadIPPluginJar : add aes
2023-10-24 20:28:21,522 [INFO] IPUIPlugin:80 - create IPUIPlugin
2023-10-24 20:28:21,522 [INFO] PluginManager:220 - loadIPPluginJar : add can
2023-10-24 20:28:21,533 [INFO] IPUIPlugin:80 - create IPUIPlugin
2023-10-24 20:28:21,534 [INFO] PluginManager:220 - loadIPPluginJar : add comp
2023-10-24 20:28:21,544 [INFO] IPUIPlugin:80 - create IPUIPlugin
2023-10-24 20:28:21,544 [INFO] PluginManager:220 - loadIPPluginJar : add cryp
2023-10-24 20:28:21,550 [INFO] IPUIPlugin:80 - create IPUIPlugin
2023-10-24 20:28:21,550 [INFO] PluginManager:220 - loadIPPluginJar : add dfsdm
2023-10-24 20:28:21,566 [INFO] IPUIPlugin:80 - create IPUIPlugin
2023-10-24 20:28:21,568 [INFO] PluginManager:220 - loadIPPluginJar : add dma
2023-10-24 20:28:21,577 [INFO] IPUIPlugin:80 - create IPUIPlugin
2023-10-24 20:28:21,577 [INFO] PluginManager:220 - loadIPPluginJar : add dma3
2023-10-24 20:28:21,582 [INFO] IPUIPlugin:80 - create IPUIPlugin
2023-10-24 20:28:21,582 [INFO] PluginManager:220 - loadIPPluginJar : add fatfs
2023-10-24 20:28:21,594 [INFO] IPUIPlugin:80 - create IPUIPlugin
2023-10-24 20:28:21,594 [INFO] PluginManager:220 - loadIPPluginJar : add fmc
2023-10-24 20:28:21,612 [INFO] IPUIPlugin:80 - create IPUIPlugin
2023-10-24 20:28:21,612 [INFO] PluginManager:220 - loadIPPluginJar : add freertos
2023-10-24 20:28:21,617 [INFO] IPUIPlugin:80 - create IPUIPlugin
2023-10-24 20:28:21,617 [INFO] PluginManager:220 - loadIPPluginJar : add genericplugin
2023-10-24 20:28:21,622 [INFO] IPUIPlugin:80 - create IPUIPlugin
2023-10-24 20:28:21,622 [INFO] PluginManager:220 - loadIPPluginJar : add gfxmmu
2023-10-24 20:28:21,630 [INFO] IPUIPlugin:80 - create IPUIPlugin
2023-10-24 20:28:21,631 [INFO] PluginManager:220 - loadIPPluginJar : add gic
2023-10-24 20:28:21,638 [INFO] IPUIPlugin:80 - create IPUIPlugin
2023-10-24 20:28:21,638 [INFO] PluginManager:220 - loadIPPluginJar : add gpio
2023-10-24 20:28:21,647 [INFO] IPUIPlugin:80 - create IPUIPlugin
2023-10-24 20:28:21,647 [INFO] PluginManager:220 - loadIPPluginJar : add gtzc
2023-10-24 20:28:21,652 [INFO] IPUIPlugin:80 - create IPUIPlugin
2023-10-24 20:28:21,652 [INFO] PluginManager:220 - loadIPPluginJar : add hash
2023-10-24 20:28:21,656 [INFO] IPUIPlugin:80 - create IPUIPlugin
2023-10-24 20:28:21,656 [INFO] PluginManager:220 - loadIPPluginJar : add i2c
2023-10-24 20:28:21,660 [INFO] IPUIPlugin:80 - create IPUIPlugin
2023-10-24 20:28:21,661 [INFO] PluginManager:220 - loadIPPluginJar : add i2s
2023-10-24 20:28:21,665 [INFO] IPUIPlugin:80 - create IPUIPlugin
2023-10-24 20:28:21,665 [INFO] PluginManager:220 - loadIPPluginJar : add i3c
2023-10-24 20:28:21,670 [INFO] IPUIPlugin:80 - create IPUIPlugin
2023-10-24 20:28:21,671 [INFO] PluginManager:220 - loadIPPluginJar : add ipddr
2023-10-24 20:28:21,683 [INFO] IPUIPlugin:80 - create IPUIPlugin
2023-10-24 20:28:21,683 [INFO] PluginManager:220 - loadIPPluginJar : add linkedlist
2023-10-24 20:28:21,689 [INFO] IPUIPlugin:80 - create IPUIPlugin
2023-10-24 20:28:21,689 [INFO] PluginManager:220 - loadIPPluginJar : add lorawan
2023-10-24 20:28:21,697 [INFO] IPUIPlugin:80 - create IPUIPlugin
2023-10-24 20:28:21,698 [INFO] PluginManager:220 - loadIPPluginJar : add ltdc
2023-10-24 20:28:21,709 [INFO] IPUIPlugin:80 - create IPUIPlugin
2023-10-24 20:28:21,709 [INFO] PluginManager:220 - loadIPPluginJar : add mdma
2023-10-24 20:28:21,725 [INFO] IPUIPlugin:80 - create IPUIPlugin
2023-10-24 20:28:21,725 [INFO] PluginManager:220 - loadIPPluginJar : add nvic
2023-10-24 20:28:21,733 [INFO] IPUIPlugin:80 - create IPUIPlugin
2023-10-24 20:28:21,734 [INFO] PluginManager:220 - loadIPPluginJar : add opamp
2023-10-24 20:28:21,745 [INFO] IPUIPlugin:80 - create IPUIPlugin
2023-10-24 20:28:21,746 [INFO] PluginManager:220 - loadIPPluginJar : add openamp
2023-10-24 20:28:21,755 [INFO] IPUIPlugin:80 - create IPUIPlugin
2023-10-24 20:28:21,755 [INFO] PluginManager:220 - loadIPPluginJar : add pdm2pcm
2023-10-24 20:28:21,774 [INFO] IPUIPlugin:80 - create IPUIPlugin
2023-10-24 20:28:21,793 [INFO] PluginManager:220 - loadIPPluginJar : add plateformsettings
2023-10-24 20:28:21,799 [INFO] IPUIPlugin:80 - create IPUIPlugin
2023-10-24 20:28:21,799 [INFO] PluginManager:220 - loadIPPluginJar : add quadspi
2023-10-24 20:28:21,811 [INFO] IPUIPlugin:80 - create IPUIPlugin
2023-10-24 20:28:21,811 [INFO] PluginManager:220 - loadIPPluginJar : add resmgrutility
2023-10-24 20:28:21,820 [INFO] IPUIPlugin:80 - create IPUIPlugin
2023-10-24 20:28:21,820 [INFO] PluginManager:220 - loadIPPluginJar : add sai
2023-10-24 20:28:21,826 [INFO] IPUIPlugin:80 - create IPUIPlugin
2023-10-24 20:28:21,826 [INFO] PluginManager:220 - loadIPPluginJar : add spi
2023-10-24 20:28:21,847 [INFO] IPUIPlugin:80 - create IPUIPlugin
2023-10-24 20:28:21,847 [INFO] PluginManager:220 - loadIPPluginJar : add stm32_wpan
2023-10-24 20:28:21,852 [INFO] IPUIPlugin:80 - create IPUIPlugin
2023-10-24 20:28:21,852 [INFO] PluginManager:220 - loadIPPluginJar : add tim
2023-10-24 20:28:21,862 [INFO] IPUIPlugin:80 - create IPUIPlugin
2023-10-24 20:28:21,862 [INFO] PluginManager:220 - loadIPPluginJar : add touchsensing
2023-10-24 20:28:21,874 [INFO] IPUIPlugin:80 - create IPUIPlugin
2023-10-24 20:28:21,875 [INFO] PluginManager:220 - loadIPPluginJar : add tracer_emb
2023-10-24 20:28:21,881 [INFO] IPUIPlugin:80 - create IPUIPlugin
2023-10-24 20:28:21,881 [INFO] PluginManager:220 - loadIPPluginJar : add ts
2023-10-24 20:28:21,885 [INFO] IPUIPlugin:80 - create IPUIPlugin
2023-10-24 20:28:21,886 [INFO] PluginManager:220 - loadIPPluginJar : add tsc
2023-10-24 20:28:21,890 [INFO] IPUIPlugin:80 - create IPUIPlugin
2023-10-24 20:28:21,891 [INFO] PluginManager:220 - loadIPPluginJar : add ucpd
2023-10-24 20:28:21,896 [INFO] IPUIPlugin:80 - create IPUIPlugin
2023-10-24 20:28:21,896 [INFO] PluginManager:220 - loadIPPluginJar : add usart
2023-10-24 20:28:21,907 [INFO] IPUIPlugin:80 - create IPUIPlugin
2023-10-24 20:28:21,907 [INFO] PluginManager:220 - loadIPPluginJar : add usbx
2023-10-24 20:28:22,087 [INFO] CADModel:165 - CPN selected for project level
2023-10-24 20:28:22,087 [INFO] CADModel:114 - Register for checkConnection events
2023-10-24 20:28:22,088 [FATAL] Updater:308 - Updater called before beeing initialized
2023-10-24 20:28:22,088 [ERROR] CADModel:125 - Updater not yet initialized, retry later 
2023-10-24 20:28:22,587 [INFO] CADModel:165 - CPN selected for project level
2023-10-24 20:28:22,587 [INFO] CADModel:114 - Register for checkConnection events
2023-10-24 20:28:22,587 [FATAL] Updater:308 - Updater called before beeing initialized
2023-10-24 20:28:22,587 [ERROR] CADModel:125 - Updater not yet initialized, retry later 
2023-10-24 20:28:22,597 [FATAL] Updater:308 - Updater called before beeing initialized
2023-10-24 20:28:22,884 [FATAL] Updater:308 - Updater called before beeing initialized
2023-10-24 20:28:22,899 [INFO] DbMcusAds:53 - JSON generation date=Tue Mar 07 14:20:55 IST 2023 (1678179055114)
2023-10-24 20:28:22,900 [FATAL] Updater:308 - Updater called before beeing initialized
2023-10-24 20:28:22,994 [WARN] DetailPanel:346 - Failed to get advertising image, set to default
2023-10-24 20:28:23,213 [FATAL] Updater:308 - Updater called before beeing initialized
2023-10-24 20:28:23,218 [FATAL] Updater:308 - Updater called before beeing initialized
2023-10-24 20:28:23,218 [FATAL] Updater:308 - Updater called before beeing initialized
2023-10-24 20:28:23,218 [WARN] DetailPanel:346 - Failed to get advertising image, set to default
2023-10-24 20:28:23,220 [FATAL] Updater:308 - Updater called before beeing initialized
2023-10-24 20:28:23,338 [ERROR] Updater:1120 - MainUpdater not yet initialized. External WinMGr cannot be set.
